
PDP-11 simulator V3.12-2
sim> do pdp11.ini
do pdp11.ini
Disabling XQ
Listening on port 2023 (socket 5)
RY: buffering file in memory

RT-11SJ  V04.00C 

.D 56=0

.@DY:FORTH.COM
@DY:FORTH.COM

.COPY DY:FORTH.MAC DK:
 Files copied:
DY:FORTH.MAC   to DK:FORTH.MAC

.MACRO /LIST:FORTH.LST /ALLOCATE:400 FORTH.MAC
ERRORS DETECTED:  0

.COPY FORTH.LST DY:
 Files copied:
DK:FORTH.LST   to DY:FORTH.LST

.LINK /LDA FORTH.OBJ

.COPY FORTH.LDA DY:
 Files copied:
DK:FORTH.LDA   to DY:FORTH.LDA

.
Simulation stopped, PC: 151420 (ADD 150602,R3)
Goodbye
RY: writing buffer to file
